0 verbose cli /opt/homebrew/Cellar/node/25.1.0_1/bin/node /opt/homebrew/bin/npm
1 info using npm@11.6.2
2 info using node@v25.1.0
3 silly config load:file:/opt/homebrew/lib/node_modules/npm/npmrc
4 silly config load:file:/Users/jackdanger/Applications/Cosmic/.npmrc
5 silly config load:file:/opt/homebrew/etc/npmrc
6 verbose title npm install
7 verbose argv "install"
8 verbose logfile logs-max:10 dir:/Users/jackdanger/Applications/Cosmic/.npm-cache/_logs/2025-12-10T09_29_24_697Z-
9 verbose logfile /Users/jackdanger/Applications/Cosmic/.npm-cache/_logs/2025-12-10T09_29_24_697Z-debug-0.log
10 silly logfile done cleaning log files
11 verbose stack Error: EPERM: operation not permitted, open '/opt/homebrew/lib/node_modules/npm/node_modules/@sigstore/verify/dist/key/index.js'
11 verbose stack     at Object.readFileSync (node:fs:435:20)
11 verbose stack     at defaultLoadImpl (node:internal/modules/cjs/loader:1138:17)
11 verbose stack     at loadSource (node:internal/modules/cjs/loader:1787:20)
11 verbose stack     at Object..js (node:internal/modules/cjs/loader:1885:44)
11 verbose stack     at Module.load (node:internal/modules/cjs/loader:1480:32)
11 verbose stack     at Module._load (node:internal/modules/cjs/loader:1299:12)
11 verbose stack     at TracingChannel.traceSync (node:diagnostics_channel:328:14)
11 verbose stack     at wrapModuleLoad (node:internal/modules/cjs/loader:245:24)
11 verbose stack     at Module.require (node:internal/modules/cjs/loader:1503:12)
11 verbose stack     at require (node:internal/modules/helpers:152:16)
12 error code EPERM
13 error syscall open
14 error path /opt/homebrew/lib/node_modules/npm/node_modules/@sigstore/verify/dist/key/index.js
15 error errno -1
16 error Error: EPERM: operation not permitted, open '/opt/homebrew/lib/node_modules/npm/node_modules/@sigstore/verify/dist/key/index.js'
16 error     at Object.readFileSync (node:fs:435:20)
16 error     at defaultLoadImpl (node:internal/modules/cjs/loader:1138:17)
16 error     at loadSource (node:internal/modules/cjs/loader:1787:20)
16 error     at Object..js (node:internal/modules/cjs/loader:1885:44)
16 error     at Module.load (node:internal/modules/cjs/loader:1480:32)
16 error     at Module._load (node:internal/modules/cjs/loader:1299:12)
16 error     at TracingChannel.traceSync (node:diagnostics_channel:328:14)
16 error     at wrapModuleLoad (node:internal/modules/cjs/loader:245:24)
16 error     at Module.require (node:internal/modules/cjs/loader:1503:12)
16 error     at require (node:internal/modules/helpers:152:16) {
16 error   errno: -1,
16 error   code: 'EPERM',
16 error   syscall: 'open',
16 error   path: '/opt/homebrew/lib/node_modules/npm/node_modules/@sigstore/verify/dist/key/index.js'
16 error }
17 error
17 error The operation was rejected by your operating system.
17 error It is likely you do not have the permissions to access this file as the current user
17 error
17 error If you believe this might be a permissions issue, please double-check the
17 error permissions of the file and its containing directories, or try running
17 error the command again as root/Administrator.
18 verbose cwd /Users/jackdanger/Applications/Cosmic
19 verbose os Darwin 25.0.0
20 verbose node v25.1.0
21 verbose npm  v11.6.2
22 verbose exit -1
23 verbose code -1
24 error A complete log of this run can be found in: /Users/jackdanger/Applications/Cosmic/.npm-cache/_logs/2025-12-10T09_29_24_697Z-debug-0.log
